<?xml version="1.0" encoding="UTF-8"?>
<!-- Generated by org.testng.reporters.JUnitXMLReporter -->
<testsuite hostname="test-PC" ignored="5" tests="3" failures="0" timestamp="22 Apr 2019 05:04:46 GMT" time="0.062" errors="0">
  <testcase name="functionalAndSmokeTestCase" time="0.0" classname="Grouping"/>
  <testcase name="functionalTestCase1" time="0.0" classname="Grouping"/>
  <testcase name="functionalTestCase2" time="0.0" classname="Grouping"/>
  <testcase name="smokeTestCase2" time="0.0" classname="Grouping">
    <ignored/>
  </testcase> <!-- smokeTestCase2 -->
  <testcase name="SanityAndSmokeTestCase" time="0.0" classname="Grouping">
    <ignored/>
  </testcase> <!-- SanityAndSmokeTestCase -->
  <testcase name="smokeTestCase1" time="0.0" classname="Grouping">
    <ignored/>
  </testcase> <!-- smokeTestCase1 -->
  <testcase name="sanityTestCase2" time="0.0" classname="Grouping">
    <ignored/>
  </testcase> <!-- sanityTestCase2 -->
  <testcase name="sanityTestCase1" time="0.0" classname="Grouping">
    <ignored/>
  </testcase> <!-- sanityTestCase1 -->
</testsuite>
