<?xml version="1.0" encoding="UTF-8"?>
<!-- Generated by org.testng.reporters.JUnitXMLReporter -->
<testsuite hostname="test-PC" ignored="0" tests="4" failures="0" timestamp="20 Apr 2019 04:36:35 GMT" time="22.761" errors="0">
  <testcase name="alaunchBrowser" time="8.84" classname="Annotation"/>
  <testcase name="blaunchApp" time="13.842" classname="Annotation"/>
  <testcase name="loginwithinvalidcred" time="0.004" classname="Prioritisation"/>
  <testcase name="loginwithvalidcred" time="0.001" classname="Prioritisation"/>
</testsuite>
